<?xml version="1.0" encoding="UTF-8"?>
<!-- Generated by org.testng.reporters.JUnitXMLReporter -->
<testsuite hostname="Reginalds-MacBook-Pro.local" ignored="0" name="Default test" tests="6" failures="0" timestamp="11 Sep 2018 20:27:13 GMT" time="4.331" errors="0">
  <testcase name="fpg1001VerifyAddToBag" time="0.062" classname="famengpackage.fpg1001NG"/>
  <testcase name="fpg1001VerifyDeliveryShippingCopy" time="0.052" classname="famengpackage.fpg1001NG"/>
  <testcase name="fpg1001VerifyName" time="0.05" classname="famengpackage.fpg1001NG"/>
  <testcase name="fpg1001VerifyOrderFabricSwatchesLink" time="0.099" classname="famengpackage.fpg1001NG"/>
  <testcase name="fpg1001VerifyPrice" time="0.048" classname="famengpackage.fpg1001NG"/>
  <testcase name="fpg1001VerifyShareDesignLink" time="0.052" classname="famengpackage.fpg1001NG"/>
</testsuite> <!-- Default test -->
