<?xml version="1.0" encoding="UTF-8"?>
<testng-results skipped="0" failed="0" ignored="0" total="3" passed="3">
  <reporter-output>
  </reporter-output>
  <suite name="Default suite" duration-ms="7746" started-at="2018-09-21T20:06:15Z" finished-at="2018-09-21T20:06:23Z">
    <groups>
    </groups>
    <test name="Default test" duration-ms="7746" started-at="2018-09-21T20:06:15Z" finished-at="2018-09-21T20:06:23Z">
      <class name="famengpackage.login">
        <test-method status="PASS" signature="launchBrowser()[pri:0, instance:famengpackage.login@69ea3742]" name="launchBrowser" is-config="true" duration-ms="2911" started-at="2018-09-21T20:06:15Z" finished-at="2018-09-21T20:06:18Z">
          <reporter-output>
          </reporter-output>
        </test-method> <!-- launchBrowser -->
        <test-method status="PASS" signature="loginNoCredentials()[pri:0, instance:famengpackage.login@69ea3742]" name="loginNoCredentials" duration-ms="582" started-at="2018-09-21T20:06:18Z" finished-at="2018-09-21T20:06:18Z">
          <reporter-output>
          </reporter-output>
        </test-method> <!-- loginNoCredentials -->
        <test-method status="PASS" signature="loginWrongPassword()[pri:1, instance:famengpackage.login@69ea3742]" name="loginWrongPassword" duration-ms="913" started-at="2018-09-21T20:06:18Z" finished-at="2018-09-21T20:06:19Z">
          <reporter-output>
          </reporter-output>
        </test-method> <!-- loginWrongPassword -->
        <test-method status="PASS" signature="loginSuccessful()[pri:2, instance:famengpackage.login@69ea3742]" name="loginSuccessful" duration-ms="3319" started-at="2018-09-21T20:06:19Z" finished-at="2018-09-21T20:06:23Z">
          <reporter-output>
          </reporter-output>
        </test-method> <!-- loginSuccessful -->
      </class> <!-- famengpackage.login -->
    </test> <!-- Default test -->
  </suite> <!-- Default suite -->
</testng-results>
