<?xml version="1.0" encoding="UTF-8"?>
<testng-results skipped="0" failed="0" ignored="0" total="6" passed="6">
  <reporter-output>
  </reporter-output>
  <suite name="Default suite" duration-ms="8545" started-at="2018-09-19T00:11:57Z" finished-at="2018-09-19T00:12:06Z">
    <groups>
    </groups>
    <test name="Default test" duration-ms="8545" started-at="2018-09-19T00:11:57Z" finished-at="2018-09-19T00:12:06Z">
      <class name="famengpackage.signUp">
        <test-method status="PASS" signature="launchBrowser()[pri:0, instance:famengpackage.signUp@4b952a2d]" name="launchBrowser" is-config="true" duration-ms="2837" started-at="2018-09-19T00:11:57Z" finished-at="2018-09-19T00:12:00Z">
          <reporter-output>
          </reporter-output>
        </test-method> <!-- launchBrowser -->
        <test-method status="PASS" signature="loginNoCredentials()[pri:0, instance:famengpackage.signUp@4b952a2d]" name="loginNoCredentials" duration-ms="592" started-at="2018-09-19T00:12:00Z" finished-at="2018-09-19T00:12:01Z">
          <reporter-output>
          </reporter-output>
        </test-method> <!-- loginNoCredentials -->
        <test-method status="PASS" signature="loginFirstNameOnly()[pri:1, instance:famengpackage.signUp@4b952a2d]" name="loginFirstNameOnly" duration-ms="548" started-at="2018-09-19T00:12:01Z" finished-at="2018-09-19T00:12:01Z">
          <reporter-output>
          </reporter-output>
        </test-method> <!-- loginFirstNameOnly -->
        <test-method status="PASS" signature="loginLastNameOnly()[pri:2, instance:famengpackage.signUp@4b952a2d]" name="loginLastNameOnly" duration-ms="579" started-at="2018-09-19T00:12:01Z" finished-at="2018-09-19T00:12:02Z">
          <reporter-output>
          </reporter-output>
        </test-method> <!-- loginLastNameOnly -->
        <test-method status="PASS" signature="loginEmailOnly()[pri:3, instance:famengpackage.signUp@4b952a2d]" name="loginEmailOnly" duration-ms="824" started-at="2018-09-19T00:12:02Z" finished-at="2018-09-19T00:12:03Z">
          <reporter-output>
          </reporter-output>
        </test-method> <!-- loginEmailOnly -->
        <test-method status="PASS" signature="loginPasswordOnly()[pri:4, instance:famengpackage.signUp@4b952a2d]" name="loginPasswordOnly" duration-ms="536" started-at="2018-09-19T00:12:03Z" finished-at="2018-09-19T00:12:03Z">
          <reporter-output>
          </reporter-output>
        </test-method> <!-- loginPasswordOnly -->
        <test-method status="PASS" signature="loginFull()[pri:5, instance:famengpackage.signUp@4b952a2d]" name="loginFull" duration-ms="2532" started-at="2018-09-19T00:12:03Z" finished-at="2018-09-19T00:12:06Z">
          <reporter-output>
          </reporter-output>
        </test-method> <!-- loginFull -->
        <test-method status="PASS" signature="terminateBrowser()[pri:0, instance:famengpackage.signUp@4b952a2d]" name="terminateBrowser" is-config="true" duration-ms="73" started-at="2018-09-19T00:12:06Z" finished-at="2018-09-19T00:12:06Z">
          <reporter-output>
          </reporter-output>
        </test-method> <!-- terminateBrowser -->
      </class> <!-- famengpackage.signUp -->
    </test> <!-- Default test -->
  </suite> <!-- Default suite -->
</testng-results>
